[2023-03-23T00:18:47.607] [ERROR] log - suppliersRouter req is not defined
[2023-03-23T00:19:08.898] [INFO] log - Application started
[2023-03-23T00:19:24.918] [INFO] log - FBA172DWS2YK WelWare03172023-CA
[2023-03-23T00:19:25.508] [INFO] log - FBA170XY0PW8 CreAngID01272023
[2023-03-23T00:19:26.341] [INFO] log - FBA172DWR2GF WelWare03172023-CA
[2023-03-23T00:19:26.862] [INFO] log - FBA172KF8HXZ WelWare03132023
[2023-03-23T00:19:28.433] [INFO] log - FBA170QQ51G9 WelWare01172023
[2023-03-23T00:19:29.050] [INFO] log - FBA171BQXYYG WelWare02222023
[2023-03-23T00:19:29.677] [INFO] log - FBA172NNV1SZ WelWare20230322
[2023-03-23T00:19:31.233] [INFO] log - FBA172KDM23L WelWare03132023
[2023-03-23T00:19:31.744] [INFO] log - FBA172NPR6WS WelWare03222023
[2023-03-23T00:19:32.245] [INFO] log - FBA172NQ932H WelWare03222023
[2023-03-23T00:19:32.723] [INFO] log - FBA172NR10GF WelWare03222023
[2023-03-23T00:19:33.441] [INFO] log - FBA172DWS2YK WelWare03172023-CA
[2023-03-23T00:19:34.029] [INFO] log - FBA170XY0PW8 CreAngID01272023
[2023-03-23T00:19:34.892] [INFO] log - FBA172DWR2GF WelWare03172023-CA
[2023-03-23T00:19:35.404] [INFO] log - FBA172KF8HXZ WelWare03132023
[2023-03-23T00:19:36.679] [INFO] log - FBA170QQ51G9 WelWare01172023
[2023-03-23T00:19:37.236] [INFO] log - FBA171BQXYYG WelWare02222023
[2023-03-23T00:19:37.936] [INFO] log - FBA172NNV1SZ WelWare20230322
[2023-03-23T00:19:39.474] [INFO] log - FBA172KDM23L WelWare03132023
[2023-03-23T00:19:40.001] [INFO] log - FBA172NPR6WS WelWare03222023
[2023-03-23T00:19:40.509] [INFO] log - FBA172NQ932H WelWare03222023
[2023-03-23T00:19:41.009] [INFO] log - FBA172NR10GF WelWare03222023
[2023-03-23T00:20:58.428] [INFO] log - Application started
[2023-03-23T00:23:08.536] [INFO] log - FBA172DWS2YK WelWare03172023-CA
[2023-03-23T00:23:09.135] [INFO] log - FBA170XY0PW8 CreAngID01272023
[2023-03-23T00:23:09.947] [INFO] log - FBA172DWR2GF WelWare03172023-CA
[2023-03-23T00:23:10.572] [INFO] log - FBA172KF8HXZ WelWare03132023
[2023-03-23T00:23:12.277] [INFO] log - FBA170QQ51G9 WelWare01172023
[2023-03-23T00:23:12.920] [INFO] log - FBA171BQXYYG WelWare02222023
[2023-03-23T00:23:13.636] [INFO] log - FBA172NNV1SZ WelWare20230322
[2023-03-23T00:23:15.235] [INFO] log - FBA172KDM23L WelWare03132023
[2023-03-23T00:23:15.774] [INFO] log - FBA172NPR6WS WelWare03222023
[2023-03-23T00:23:16.296] [INFO] log - FBA172NQ932H WelWare03222023
[2023-03-23T00:23:16.805] [INFO] log - FBA172NR10GF WelWare03222023
[2023-03-23T00:23:17.667] [INFO] log - FBA172DWS2YK WelWare03172023-CA
[2023-03-23T00:23:18.263] [INFO] log - FBA170XY0PW8 CreAngID01272023
[2023-03-23T00:23:19.045] [INFO] log - FBA172DWR2GF WelWare03172023-CA
[2023-03-23T00:23:19.604] [INFO] log - FBA172KF8HXZ WelWare03132023
[2023-03-23T00:23:21.118] [INFO] log - FBA170QQ51G9 WelWare01172023
[2023-03-23T00:23:21.706] [INFO] log - FBA171BQXYYG WelWare02222023
[2023-03-23T00:23:22.365] [INFO] log - FBA172NNV1SZ WelWare20230322
[2023-03-23T00:23:23.764] [INFO] log - FBA172KDM23L WelWare03132023
[2023-03-23T00:23:24.300] [INFO] log - FBA172NPR6WS WelWare03222023
[2023-03-23T00:23:24.826] [INFO] log - FBA172NQ932H WelWare03222023
[2023-03-23T00:23:25.329] [INFO] log - FBA172NR10GF WelWare03222023
[2023-03-23T00:26:22.883] [INFO] log - Application started
[2023-03-23T00:26:31.463] [INFO] log - FBA172DWS2YK WelWare03172023-CA
[2023-03-23T00:26:32.089] [INFO] log - FBA170XY0PW8 CreAngID01272023
[2023-03-23T00:26:33.148] [INFO] log - FBA172DWR2GF WelWare03172023-CA
[2023-03-23T00:26:33.724] [INFO] log - FBA172KF8HXZ WelWare03132023
[2023-03-23T00:26:35.484] [INFO] log - FBA170QQ51G9 WelWare01172023
[2023-03-23T00:26:36.068] [INFO] log - FBA171BQXYYG WelWare02222023
[2023-03-23T00:26:36.769] [INFO] log - FBA172NNV1SZ WelWare20230322
[2023-03-23T00:26:38.476] [INFO] log - FBA172KDM23L WelWare03132023
[2023-03-23T00:26:39.022] [INFO] log - FBA172NPR6WS WelWare03222023
[2023-03-23T00:26:39.650] [INFO] log - FBA172NQ932H WelWare03222023
[2023-03-23T00:26:40.165] [INFO] log - FBA172NR10GF WelWare03222023
[2023-03-23T00:26:40.842] [INFO] log - FBA172DWS2YK WelWare03172023-CA
[2023-03-23T00:26:41.446] [INFO] log - FBA170XY0PW8 CreAngID01272023
[2023-03-23T00:26:42.269] [INFO] log - FBA172DWR2GF WelWare03172023-CA
[2023-03-23T00:26:42.811] [INFO] log - FBA172KF8HXZ WelWare03132023
[2023-03-23T00:26:44.575] [INFO] log - FBA170QQ51G9 WelWare01172023
[2023-03-23T00:26:45.213] [INFO] log - FBA171BQXYYG WelWare02222023
[2023-03-23T00:26:45.843] [INFO] log - FBA172NNV1SZ WelWare20230322
[2023-03-23T00:26:47.174] [INFO] log - FBA172KDM23L WelWare03132023
[2023-03-23T00:26:47.701] [INFO] log - FBA172NPR6WS WelWare03222023
[2023-03-23T00:26:48.232] [INFO] log - FBA172NQ932H WelWare03222023
[2023-03-23T00:26:48.740] [INFO] log - FBA172NR10GF WelWare03222023
[2023-03-23T00:27:17.247] [INFO] log - FBA172DWS2YK WelWare03172023-CA
[2023-03-23T00:27:17.913] [INFO] log - FBA170XY0PW8 CreAngID01272023
[2023-03-23T00:27:18.699] [INFO] log - FBA172DWR2GF WelWare03172023-CA
[2023-03-23T00:27:19.279] [INFO] log - FBA172KF8HXZ WelWare03132023
[2023-03-23T00:27:21.084] [INFO] log - FBA170QQ51G9 WelWare01172023
[2023-03-23T00:27:21.650] [INFO] log - FBA171BQXYYG WelWare02222023
[2023-03-23T00:27:22.322] [INFO] log - FBA172NNV1SZ WelWare20230322
[2023-03-23T00:27:23.907] [INFO] log - FBA172KDM23L WelWare03132023
[2023-03-23T00:27:24.816] [INFO] log - FBA172NPR6WS WelWare03222023
[2023-03-23T00:27:25.334] [INFO] log - FBA172NQ932H WelWare03222023
[2023-03-23T00:27:25.926] [INFO] log - FBA172NR10GF WelWare03222023
[2023-03-23T00:27:26.674] [INFO] log - FBA172DWS2YK WelWare03172023-CA
[2023-03-23T00:27:27.241] [INFO] log - FBA170XY0PW8 CreAngID01272023
[2023-03-23T00:27:28.078] [INFO] log - FBA172DWR2GF WelWare03172023-CA
[2023-03-23T00:27:28.591] [INFO] log - FBA172KF8HXZ WelWare03132023
[2023-03-23T00:27:29.900] [INFO] log - FBA170QQ51G9 WelWare01172023
[2023-03-23T00:27:30.443] [INFO] log - FBA171BQXYYG WelWare02222023
[2023-03-23T00:27:31.196] [INFO] log - FBA172NNV1SZ WelWare20230322
[2023-03-23T00:27:32.802] [INFO] log - FBA172KDM23L WelWare03132023
[2023-03-23T00:27:33.355] [INFO] log - FBA172NPR6WS WelWare03222023
[2023-03-23T00:27:33.871] [INFO] log - FBA172NQ932H WelWare03222023
[2023-03-23T00:27:34.386] [INFO] log - FBA172NR10GF WelWare03222023
[2023-03-30T22:08:57.193] [INFO] log - Application started
[2023-04-18T20:17:00.337] [INFO] log - Application started
[2023-04-18T20:20:08.839] [INFO] log - /users/validateToken?_dc=1681829408835 {}
[2023-04-18T20:47:51.498] [INFO] log - Application started
[2023-04-18T20:47:54.242] [INFO] log - /users/validateToken?_dc=1681831074236 {}
[2023-04-18T20:49:26.136] [INFO] log - Application started
[2023-04-18T20:49:29.356] [INFO] log - /users/validateToken?_dc=1681831169351 {}
[2023-04-18T20:50:13.687] [INFO] log - Application started
[2023-04-18T20:51:04.136] [ERROR] log - getpurchaseorder Cannot set headers after they are sent to the client
[2023-04-18T21:17:12.928] [INFO] log - Application started
[2023-04-18T21:17:20.687] [INFO] log - /users/validateToken?_dc=1681832840683 {}
[2023-04-18T21:18:52.481] [INFO] log - Application started
[2023-04-18T21:18:54.000] [INFO] log - /users/validateToken?_dc=1681832933996 {}
[2023-04-18T21:19:10.315] [ERROR] log - getpurchaseorder Cannot set headers after they are sent to the client
[2023-04-18T21:20:58.568] [INFO] log - Application started
[2023-04-18T21:21:10.826] [INFO] log - /users/validateToken?_dc=1681833070822 {}
[2023-04-18T21:21:24.542] [ERROR] log - getpurchaseorder Cannot set headers after they are sent to the client
[2023-04-18T21:22:40.237] [INFO] log - Application started
[2023-04-18T21:27:01.236] [INFO] log - Application started
[2023-04-18T21:28:04.490] [INFO] log - /users/validateToken?_dc=1681833484486 {}
[2023-04-18T21:31:28.720] [INFO] log - /users/validateToken?_dc=1681833688717 {}
[2023-04-18T21:33:39.712] [INFO] log - /users/validateToken?_dc=1681833819709 {}
[2023-04-21T21:01:15.242] [INFO] log - Application started
[2023-04-21T21:01:17.052] [INFO] log - /users/validateToken?_dc=1682091077048 {}
[2023-04-21T21:03:05.206] [INFO] log - /users/validateToken?_dc=1682091185203 {}
[2023-04-21T21:03:21.498] [INFO] log - /users/validateToken?_dc=1682091201495 {}
[2023-04-21T21:12:13.532] [INFO] log - /users/validateToken?_dc=1682091733529 {}
[2023-04-21T21:13:33.449] [INFO] log - /users/validateToken?_dc=1682091813446 {}
[2023-04-21T21:13:53.010] [INFO] log - /users/validateToken?_dc=1682091833007 {}
[2023-04-21T21:14:57.666] [INFO] log - /users/validateToken?_dc=1682091897663 {}
